[2026-07-01 18:15:55] insert.php started
[2026-07-01 18:15:55] POST=Array
(
    [title] => гЃ‚
    [author] => гЃ‚
    [status] => иЄ­дє†
    [memo] => гЃ‚
)

[2026-07-01 18:15:55] Parsed title=гЃ‚ author=гЃ‚ status=иЄ­дє†
[2026-07-01 18:15:57] insert.php started
[2026-07-01 18:15:57] POST=Array
(
    [title] => гЃ‚
    [author] => гЃ‚
    [status] => иЄ­дє†
    [memo] => гЃ‚
)

[2026-07-01 18:15:57] Parsed title=гЃ‚ author=гЃ‚ status=иЄ­дє†
[2026-07-01 18:15:59] insert.php started
[2026-07-01 18:15:59] POST=Array
(
    [title] => гЃ‚
    [author] => гЃ‚
    [status] => иЄ­дє†
    [memo] => гЃ‚
)

[2026-07-01 18:15:59] Parsed title=гЃ‚ author=гЃ‚ status=иЄ­дє†
[2026-07-01 18:16:00] insert.php started
[2026-07-01 18:16:00] POST=Array
(
    [title] => гЃ‚
    [author] => гЃ‚
    [status] => иЄ­дє†
    [memo] => гЃ‚
)

[2026-07-01 18:16:00] Parsed title=гЃ‚ author=гЃ‚ status=иЄ­дє†
[2026-07-01 18:16:00] insert.php started
[2026-07-01 18:16:00] POST=Array
(
    [title] => гЃ‚
    [author] => гЃ‚
    [status] => иЄ­дє†
    [memo] => гЃ‚
)

[2026-07-01 18:16:00] Parsed title=гЃ‚ author=гЃ‚ status=иЄ­дє†
[2026-07-01 18:16:00] insert.php started
[2026-07-01 18:16:00] POST=Array
(
    [title] => гЃ‚
    [author] => гЃ‚
    [status] => иЄ­дє†
    [memo] => гЃ‚
)

[2026-07-01 18:16:00] Parsed title=гЃ‚ author=гЃ‚ status=иЄ­дє†
[2026-07-01 18:16:08] insert.php started
[2026-07-01 18:16:08] POST=Array
(
    [title] => гЃ‚
    [author] => гЃ‚
    [status] => иЄ­дє†
    [memo] => гЃ‚
)

[2026-07-01 18:16:08] Parsed title=гЃ‚ author=гЃ‚ status=иЄ­дє†
[2026-07-01 18:16:08] insert.php started
[2026-07-01 18:16:08] POST=Array
(
    [title] => гЃ‚
    [author] => гЃ‚
    [status] => иЄ­дє†
    [memo] => гЃ‚
)

[2026-07-01 18:16:08] Parsed title=гЃ‚ author=гЃ‚ status=иЄ­дє†
[2026-07-01 18:16:08] insert.php started
[2026-07-01 18:16:08] POST=Array
(
    [title] => гЃ‚
    [author] => гЃ‚
    [status] => иЄ­дє†
    [memo] => гЃ‚
)

[2026-07-01 18:16:08] Parsed title=гЃ‚ author=гЃ‚ status=иЄ­дє†
[2026-07-01 18:16:08] insert.php started
[2026-07-01 18:16:08] POST=Array
(
    [title] => гЃ‚
    [author] => гЃ‚
    [status] => иЄ­дє†
    [memo] => гЃ‚
)

[2026-07-01 18:16:08] Parsed title=гЃ‚ author=гЃ‚ status=иЄ­дє†
[2026-07-01 18:16:09] insert.php started
[2026-07-01 18:16:09] POST=Array
(
    [title] => гЃ‚
    [author] => гЃ‚
    [status] => иЄ­дє†
    [memo] => гЃ‚
)

[2026-07-01 18:16:09] Parsed title=гЃ‚ author=гЃ‚ status=иЄ­дє†
[2026-07-01 18:16:54] insert.php started
[2026-07-01 18:16:54] POST=Array
(
    [title] => гЃ‚
    [author] => гЃ‚
    [status] => иЄ­дє†
    [memo] => гЃ‚
)

[2026-07-01 18:16:54] Parsed title=гЃ‚ author=гЃ‚ status=иЄ­дє†
